

*******************************************************************************
Tue Jan 13 10:10:47 2015


FIT:    data read from 'graph_1.txt'
        format = z
        #datapoints = 11
        residuals are weighted equally (unit weight)

function used for fitting: f(x)
fitted parameters initialized with current variable values



 Iteration 0
 WSSR        : 149297            delta(WSSR)/WSSR   : 0
 delta(WSSR) : 0                 limit for stopping : 1e-05
 lambda	  : 45.8056

initial set of free parameter values

q               = 1
m               = 1

After 5 iterations the fit converged.
final sum of squares of residuals : 2.73941
rel. change during last iteration : -1.33696e-10

degrees of freedom    (FIT_NDF)                        : 9
rms of residuals      (FIT_STDFIT) = sqrt(WSSR/ndf)    : 0.551705
variance of residuals (reduced chisquare) = WSSR/ndf   : 0.304379

Final set of parameters            Asymptotic Standard Error
=======================            ==========================

q               = 1.11651          +/- 0.4625       (41.42%)
m               = 2.79696          +/- 0.00714      (0.2553%)


correlation matrix of the fit parameters:

               q      m      
q               1.000 
m              -0.933  1.000 


*******************************************************************************
Tue Jan 13 10:11:27 2015


FIT:    data read from 'graph_1.txt'
        format = z
        #datapoints = 11
        residuals are weighted equally (unit weight)

function used for fitting: f(x)
fitted parameters initialized with current variable values



 Iteration 0
 WSSR        : 149297            delta(WSSR)/WSSR   : 0
 delta(WSSR) : 0                 limit for stopping : 1e-05
 lambda	  : 45.8056

initial set of free parameter values

q               = 1
m               = 1

After 5 iterations the fit converged.
final sum of squares of residuals : 2.73941
rel. change during last iteration : -1.33696e-10

degrees of freedom    (FIT_NDF)                        : 9
rms of residuals      (FIT_STDFIT) = sqrt(WSSR/ndf)    : 0.551705
variance of residuals (reduced chisquare) = WSSR/ndf   : 0.304379

Final set of parameters            Asymptotic Standard Error
=======================            ==========================

q               = 1.11651          +/- 0.4625       (41.42%)
m               = 2.79696          +/- 0.00714      (0.2553%)


correlation matrix of the fit parameters:

               q      m      
q               1.000 
m              -0.933  1.000 


*******************************************************************************
Tue Jan 13 10:11:57 2015


FIT:    data read from 'graph_1.txt'
        format = z
        #datapoints = 11
        residuals are weighted equally (unit weight)

function used for fitting: f(x)
fitted parameters initialized with current variable values



 Iteration 0
 WSSR        : 149297            delta(WSSR)/WSSR   : 0
 delta(WSSR) : 0                 limit for stopping : 1e-05
 lambda	  : 45.8056

initial set of free parameter values

q               = 1
m               = 1

After 5 iterations the fit converged.
final sum of squares of residuals : 2.73941
rel. change during last iteration : -1.33696e-10

degrees of freedom    (FIT_NDF)                        : 9
rms of residuals      (FIT_STDFIT) = sqrt(WSSR/ndf)    : 0.551705
variance of residuals (reduced chisquare) = WSSR/ndf   : 0.304379

Final set of parameters            Asymptotic Standard Error
=======================            ==========================

q               = 1.11651          +/- 0.4625       (41.42%)
m               = 2.79696          +/- 0.00714      (0.2553%)


correlation matrix of the fit parameters:

               q      m      
q               1.000 
m              -0.933  1.000 


*******************************************************************************
Tue Jan 13 10:12:04 2015


FIT:    data read from 'graph_1.txt'
        format = z
        #datapoints = 11
        residuals are weighted equally (unit weight)

function used for fitting: f(x)
fitted parameters initialized with current variable values



 Iteration 0
 WSSR        : 149297            delta(WSSR)/WSSR   : 0
 delta(WSSR) : 0                 limit for stopping : 1e-05
 lambda	  : 45.8056

initial set of free parameter values

q               = 1
m               = 1

After 5 iterations the fit converged.
final sum of squares of residuals : 2.73941
rel. change during last iteration : -1.33696e-10

degrees of freedom    (FIT_NDF)                        : 9
rms of residuals      (FIT_STDFIT) = sqrt(WSSR/ndf)    : 0.551705
variance of residuals (reduced chisquare) = WSSR/ndf   : 0.304379

Final set of parameters            Asymptotic Standard Error
=======================            ==========================

q               = 1.11651          +/- 0.4625       (41.42%)
m               = 2.79696          +/- 0.00714      (0.2553%)


correlation matrix of the fit parameters:

               q      m      
q               1.000 
m              -0.933  1.000 


*******************************************************************************
Sat Jan 31 16:02:20 2015


FIT:    data read from 'graph_1.txt'
        format = z
        #datapoints = 11
        residuals are weighted equally (unit weight)

function used for fitting: f(x)
fitted parameters initialized with current variable values



 Iteration 0
 WSSR        : 149297            delta(WSSR)/WSSR   : 0
 delta(WSSR) : 0                 limit for stopping : 1e-05
 lambda	  : 45.8056

initial set of free parameter values

q               = 1
m               = 1

After 5 iterations the fit converged.
final sum of squares of residuals : 2.73941
rel. change during last iteration : -1.33778e-10

degrees of freedom    (FIT_NDF)                        : 9
rms of residuals      (FIT_STDFIT) = sqrt(WSSR/ndf)    : 0.551705
variance of residuals (reduced chisquare) = WSSR/ndf   : 0.304379

Final set of parameters            Asymptotic Standard Error
=======================            ==========================

q               = 1.11651          +/- 0.4625       (41.42%)
m               = 2.79696          +/- 0.00714      (0.2553%)


correlation matrix of the fit parameters:

               q      m      
q               1.000 
m              -0.933  1.000 
